<!DOCTYPE html PUBLIC "-//W3C//DTD XHTML 1.1//EN" "https://www.w3.org/TR/xhtml11/DTD/xhtml11.dtd">
<html xmlns="https://www.w3.org/1999/xhtml">
<head>
<meta http-equiv="content-type" content="text/html; charset=UTF-8"/>
<title>TestNG Report</title>
<style type="text/css">table {margin-bottom:10px;border-collapse:collapse;empty-cells:show}th,td {border:1px solid #009;padding:.25em .5em}th {vertical-align:bottom}td {vertical-align:top}table a {font-weight:bold}.stripe td {background-color: #E6EBF9}.num {text-align:right}.passedodd td {background-color: #3F3}.passedeven td {background-color: #0A0}.skippedodd td {background-color: #DDD}.skippedeven td {background-color: #CCC}.failedodd td,.attn {background-color: #F33}.failedeven td,.stripe .attn {background-color: #D00}.stacktrace {white-space:pre;font-family:monospace}.totop {font-size:85%;text-align:center;border-bottom:2px solid #000}.invisible {display:none}</style>
</head>
<body>
<table>
<tr><th>Test</th><th># Passed</th><th># Skipped</th><th># Retried</th><th># Failed</th><th>Time (ms)</th><th>Included Groups</th><th>Excluded Groups</th></tr>
<tr><th colspan="8">googleCloudTest</th></tr>
<tr><td><a href="#t0">GoogleCloudTest</a></td><td class="num">9</td><td class="num">0</td><td class="num">0</td><td class="num attn">1</td><td class="num">19 377</td><td></td><td></td></tr>
</table>
<table id='summary'><thead><tr><th>Class</th><th>Method</th><th>Start</th><th>Time (ms)</th></tr></thead><tbody><tr><th colspan="4">googleCloudTest</th></tr></tbody><tbody id="t0"><tr><th colspan="4">GoogleCloudTest &#8212; failed</th></tr><tr class="failedeven"><td rowspan="1">openWebsiteTestNG.test.GoogleSearchPageTest</td><td><a href="#m0">testHowWorksGoogleSearch</a></td><td rowspan="1">1646918611978</td><td rowspan="1">5520</td></tr><tr><th colspan="4">GoogleCloudTest &#8212; passed</th></tr><tr class="passedeven"><td rowspan="9">openWebsiteTestNG.test.GoogleSearchPageTest</td><td><a href="#m1">testAd</a></td><td rowspan="1">1646918611440</td><td rowspan="1">296</td></tr><tr class="passedeven"><td><a href="#m2">testAllAboutGoogle</a></td><td rowspan="1">1646918611740</td><td rowspan="1">62</td></tr><tr class="passedeven"><td><a href="#m3">testConfidentiality</a></td><td rowspan="1">1646918611802</td><td rowspan="1">61</td></tr><tr class="passedeven"><td><a href="#m4">testCountry</a></td><td rowspan="1">1646918611864</td><td rowspan="1">55</td></tr><tr class="passedeven"><td><a href="#m5">testForBusiness</a></td><td rowspan="1">1646918611920</td><td rowspan="1">57</td></tr><tr class="passedeven"><td><a href="#m6">testMail</a></td><td rowspan="1">1646918617615</td><td rowspan="1">101</td></tr><tr class="passedeven"><td><a href="#m7">testPictures</a></td><td rowspan="1">1646918617717</td><td rowspan="1">83</td></tr><tr class="passedeven"><td><a href="#m8">testSettings</a></td><td rowspan="1">1646918617801</td><td rowspan="1">100</td></tr><tr class="passedeven"><td><a href="#m9">testTerms</a></td><td rowspan="1">1646918617902</td><td rowspan="1">73</td></tr></tbody>
</table>
<h2>GoogleCloudTest</h2><h3 id="m0">openWebsiteTestNG.test.GoogleSearchPageTest#testHowWorksGoogleSearch</h3><table class="result"><tr><th>Exception</th></tr><tr><td><div class="stacktrace">Element not found {By.xpath: //*[text()=&quot;Как работает Google Поиск&quot;]}
Expected: exist
Screenshot: file:/E:/EPAM/OnboardingEPAMTasks/MavenBrowser/build/reports/tests/1646918617034.0.png
Page source: file:/E:/EPAM/OnboardingEPAMTasks/MavenBrowser/build/reports/tests/1646918617034.0.html
Timeout: 5 s.
Caused by: NoSuchElementException: no such element: Unable to locate element: {&quot;method&quot;:&quot;xpath&quot;,&quot;selector&quot;:&quot;//*[text()=&quot;Как работает Google Поиск&quot;]&quot;}
	at com.codeborne.selenide.impl.WebElementSource.createElementNotFoundError(WebElementSource.java:89)
	at com.codeborne.selenide.impl.ElementFinder.createElementNotFoundError(ElementFinder.java:122)
	at com.codeborne.selenide.impl.ExceptionWrapper.wrap(ExceptionWrapper.java:32)
	at com.codeborne.selenide.impl.SelenideElementProxy.dispatchAndRetry(SelenideElementProxy.java:153)
	at com.codeborne.selenide.impl.SelenideElementProxy.invoke(SelenideElementProxy.java:83)
	at com.sun.proxy.$Proxy26.getText(Unknown Source)
	at openWebsiteTestNG.page.GoogleSearchPage.getHowWorksGoogleSearch(GoogleSearchPage.java:58)
	at openWebsiteTestNG.test.GoogleSearchPageTest.testHowWorksGoogleSearch(GoogleSearchPageTest.java:49)
	at java.base/java.util.ArrayList.forEach(ArrayList.java:1510)
Caused by: org.openqa.selenium.NoSuchElementException: no such element: Unable to locate element: {&quot;method&quot;:&quot;xpath&quot;,&quot;selector&quot;:&quot;//*[text()=&quot;Как работает Google Поиск&quot;]&quot;}
  (Session info: chrome=99.0.4844.51)
For documentation on this error, please visit: https://selenium.dev/exceptions/#no_such_element
Build info: version: &apos;4.1.2&apos;, revision: &apos;9a5a329c5a&apos;
System info: host: &apos;КИРИЛЛ-ПК&apos;, ip: &apos;100.64.98.157&apos;, os.name: &apos;Windows 10&apos;, os.arch: &apos;amd64&apos;, os.version: &apos;10.0&apos;, java.version: &apos;14&apos;
Driver info: org.openqa.selenium.chrome.ChromeDriver
Command: [f6c57cfc15b151b691e3cadeb9b998b3, findElement {using=xpath, value=//*[text()=&quot;Как работает Google Поиск&quot;]}]
Capabilities {acceptInsecureCerts: true, browserName: chrome, browserVersion: 99.0.4844.51, chrome: {chromedriverVersion: 99.0.4844.51 (d537ec02474b5..., userDataDir: C:\Users\C523~1\AppData\Loc...}, goog:chromeOptions: {debuggerAddress: localhost:59909}, javascriptEnabled: true, networkConnectionEnabled: false, pageLoadStrategy: normal, platform: WINDOWS, platformName: WINDOWS, proxy: Proxy(), se:cdp: ws://localhost:59909/devtoo..., se:cdpVersion: 99.0.4844.51, setWindowRect: true, strictFileInteractability: false, timeouts: {implicit: 0, pageLoad: 300000, script: 30000}, unhandledPromptBehavior: dismiss and notify, webauthn:extension:credBlob: true, webauthn:extension:largeBlob: true, webauthn:virtualAuthenticators: true}
Session ID: f6c57cfc15b151b691e3cadeb9b998b3
	at org.openqa.selenium.remote.codec.w3c.W3CHttpResponseCodec.createException(W3CHttpResponseCodec.java:200)
	at org.openqa.selenium.remote.codec.w3c.W3CHttpResponseCodec.decode(W3CHttpResponseCodec.java:133)
	at org.openqa.selenium.remote.codec.w3c.W3CHttpResponseCodec.decode(W3CHttpResponseCodec.java:53)
	at org.openqa.selenium.remote.HttpCommandExecutor.execute(HttpCommandExecutor.java:184)
	at org.openqa.selenium.remote.service.DriverCommandExecutor.invokeExecute(DriverCommandExecutor.java:167)
	at org.openqa.selenium.remote.service.DriverCommandExecutor.execute(DriverCommandExecutor.java:142)
	at org.openqa.selenium.remote.RemoteWebDriver.execute(RemoteWebDriver.java:558)
	at org.openqa.selenium.remote.ElementLocation$ElementFinder$2.findElement(ElementLocation.java:162)
	at org.openqa.selenium.remote.ElementLocation.findElement(ElementLocation.java:60)
	at org.openqa.selenium.remote.RemoteWebDriver.findElement(RemoteWebDriver.java:382)
	at org.openqa.selenium.remote.RemoteWebDriver.findElement(RemoteWebDriver.java:374)
	at com.codeborne.selenide.impl.WebElementSelector.findElement(WebElementSelector.java:70)
	at com.codeborne.selenide.impl.WebElementSelector.findElement(WebElementSelector.java:44)
	at com.codeborne.selenide.impl.WebElementSelector.findElement(WebElementSelector.java:33)
	at com.codeborne.selenide.impl.ElementFinder.getWebElement(ElementFinder.java:102)
	at com.codeborne.selenide.commands.GetText.execute(GetText.java:29)
	at com.codeborne.selenide.commands.GetText.execute(GetText.java:13)
	at com.codeborne.selenide.commands.Commands.execute(Commands.java:154)
	at com.codeborne.selenide.impl.SelenideElementProxy.dispatchAndRetry(SelenideElementProxy.java:131)
	... 36 more
... Removed 35 stack frames</div></td></tr></table><p class="totop"><a href="#summary">back to summary</a></p>
<h3 id="m1">openWebsiteTestNG.test.GoogleSearchPageTest#testAd</h3><table class="result"><tr><th class="invisible"/></tr></table><p class="totop"><a href="#summary">back to summary</a></p>
<h3 id="m2">openWebsiteTestNG.test.GoogleSearchPageTest#testAllAboutGoogle</h3><table class="result"><tr><th class="invisible"/></tr></table><p class="totop"><a href="#summary">back to summary</a></p>
<h3 id="m3">openWebsiteTestNG.test.GoogleSearchPageTest#testConfidentiality</h3><table class="result"><tr><th class="invisible"/></tr></table><p class="totop"><a href="#summary">back to summary</a></p>
<h3 id="m4">openWebsiteTestNG.test.GoogleSearchPageTest#testCountry</h3><table class="result"><tr><th class="invisible"/></tr></table><p class="totop"><a href="#summary">back to summary</a></p>
<h3 id="m5">openWebsiteTestNG.test.GoogleSearchPageTest#testForBusiness</h3><table class="result"><tr><th class="invisible"/></tr></table><p class="totop"><a href="#summary">back to summary</a></p>
<h3 id="m6">openWebsiteTestNG.test.GoogleSearchPageTest#testMail</h3><table class="result"><tr><th class="invisible"/></tr></table><p class="totop"><a href="#summary">back to summary</a></p>
<h3 id="m7">openWebsiteTestNG.test.GoogleSearchPageTest#testPictures</h3><table class="result"><tr><th class="invisible"/></tr></table><p class="totop"><a href="#summary">back to summary</a></p>
<h3 id="m8">openWebsiteTestNG.test.GoogleSearchPageTest#testSettings</h3><table class="result"><tr><th class="invisible"/></tr></table><p class="totop"><a href="#summary">back to summary</a></p>
<h3 id="m9">openWebsiteTestNG.test.GoogleSearchPageTest#testTerms</h3><table class="result"><tr><th class="invisible"/></tr></table><p class="totop"><a href="#summary">back to summary</a></p>
</body>
</html>
