<?xml version="1.0" encoding="UTF-8"?>
<!-- Generated by org.testng.reporters.JUnitXMLReporter -->
<testsuite ignored="0" hostname="Кирилл-ПК" failures="1" tests="10" name="GoogleCloudTest" time="19.377" errors="0" timestamp="2022-03-10T16:23:37 MSK">
  <testcase classname="openWebsiteTestNG.test.GoogleSearchPageTest" name="testAd" time="0.296"/>
  <testcase classname="openWebsiteTestNG.test.GoogleSearchPageTest" name="testAllAboutGoogle" time="0.062"/>
  <testcase classname="openWebsiteTestNG.test.GoogleSearchPageTest" name="testConfidentiality" time="0.061"/>
  <testcase classname="openWebsiteTestNG.test.GoogleSearchPageTest" name="testCountry" time="0.055"/>
  <testcase classname="openWebsiteTestNG.test.GoogleSearchPageTest" name="testForBusiness" time="0.057"/>
  <testcase classname="openWebsiteTestNG.test.GoogleSearchPageTest" name="testHowWorksGoogleSearch" time="5.52">
    <failure type="com.codeborne.selenide.ex.ElementNotFound" message="Element not found {By.xpath: //*[text()=&amp;quot;Как работает Google Поиск&amp;quot;]}
Expected: exist
Screenshot: file:/E:/EPAM/OnboardingEPAMTasks/MavenBrowser/build/reports/tests/1646918617034.0.png
Page source: file:/E:/EPAM/OnboardingEPAMTasks/MavenBrowser/build/reports/tests/1646918617034.0.html
Timeout: 5 s.
Caused by: NoSuchElementException: no such element: Unable to locate element: {&amp;quot;method&amp;quot;:&amp;quot;xpath&amp;quot;,&amp;quot;selector&amp;quot;:&amp;quot;//*[text()=&amp;quot;Как работает Google Поиск&amp;quot;]&amp;quot;}">
      <![CDATA[Element not found {By.xpath: //*[text()="Как работает Google Поиск"]}
Expected: exist
Screenshot: file:/E:/EPAM/OnboardingEPAMTasks/MavenBrowser/build/reports/tests/1646918617034.0.png
Page source: file:/E:/EPAM/OnboardingEPAMTasks/MavenBrowser/build/reports/tests/1646918617034.0.html
Timeout: 5 s.
Caused by: NoSuchElementException: no such element: Unable to locate element: {"method":"xpath","selector":"//*[text()="Как работает Google Поиск"]"}
at com.codeborne.selenide.impl.WebElementSource.createElementNotFoundError(WebElementSource.java:89)
at com.codeborne.selenide.impl.ElementFinder.createElementNotFoundError(ElementFinder.java:122)
at com.codeborne.selenide.impl.ExceptionWrapper.wrap(ExceptionWrapper.java:32)
at com.codeborne.selenide.impl.SelenideElementProxy.dispatchAndRetry(SelenideElementProxy.java:153)
at com.codeborne.selenide.impl.SelenideElementProxy.invoke(SelenideElementProxy.java:83)
at com.sun.proxy.$Proxy26.getText(Unknown Source)
at openWebsiteTestNG.page.GoogleSearchPage.getHowWorksGoogleSearch(GoogleSearchPage.java:58)
at openWebsiteTestNG.test.GoogleSearchPageTest.testHowWorksGoogleSearch(GoogleSearchPageTest.java:49)
at java.base/java.util.ArrayList.forEach(ArrayList.java:1510)
Caused by: org.openqa.selenium.NoSuchElementException: no such element: Unable to locate element: {"method":"xpath","selector":"//*[text()="Как работает Google Поиск"]"}
  (Session info: chrome=99.0.4844.51)
For documentation on this error, please visit: https://selenium.dev/exceptions/#no_such_element
Build info: version: '4.1.2', revision: '9a5a329c5a'
System info: host: 'КИРИЛЛ-ПК', ip: '100.64.98.157', os.name: 'Windows 10', os.arch: 'amd64', os.version: '10.0', java.version: '14'
Driver info: org.openqa.selenium.chrome.ChromeDriver
Command: [f6c57cfc15b151b691e3cadeb9b998b3, findElement {using=xpath, value=//*[text()="Как работает Google Поиск"]}]
Capabilities {acceptInsecureCerts: true, browserName: chrome, browserVersion: 99.0.4844.51, chrome: {chromedriverVersion: 99.0.4844.51 (d537ec02474b5..., userDataDir: C:\Users\C523~1\AppData\Loc...}, goog:chromeOptions: {debuggerAddress: localhost:59909}, javascriptEnabled: true, networkConnectionEnabled: false, pageLoadStrategy: normal, platform: WINDOWS, platformName: WINDOWS, proxy: Proxy(), se:cdp: ws://localhost:59909/devtoo..., se:cdpVersion: 99.0.4844.51, setWindowRect: true, strictFileInteractability: false, timeouts: {implicit: 0, pageLoad: 300000, script: 30000}, unhandledPromptBehavior: dismiss and notify, webauthn:extension:credBlob: true, webauthn:extension:largeBlob: true, webauthn:virtualAuthenticators: true}
Session ID: f6c57cfc15b151b691e3cadeb9b998b3
at org.openqa.selenium.remote.codec.w3c.W3CHttpResponseCodec.createException(W3CHttpResponseCodec.java:200)
at org.openqa.selenium.remote.codec.w3c.W3CHttpResponseCodec.decode(W3CHttpResponseCodec.java:133)
at org.openqa.selenium.remote.codec.w3c.W3CHttpResponseCodec.decode(W3CHttpResponseCodec.java:53)
at org.openqa.selenium.remote.HttpCommandExecutor.execute(HttpCommandExecutor.java:184)
at org.openqa.selenium.remote.service.DriverCommandExecutor.invokeExecute(DriverCommandExecutor.java:167)
at org.openqa.selenium.remote.service.DriverCommandExecutor.execute(DriverCommandExecutor.java:142)
at org.openqa.selenium.remote.RemoteWebDriver.execute(RemoteWebDriver.java:558)
at org.openqa.selenium.remote.ElementLocation$ElementFinder$2.findElement(ElementLocation.java:162)
at org.openqa.selenium.remote.ElementLocation.findElement(ElementLocation.java:60)
at org.openqa.selenium.remote.RemoteWebDriver.findElement(RemoteWebDriver.java:382)
at org.openqa.selenium.remote.RemoteWebDriver.findElement(RemoteWebDriver.java:374)
at com.codeborne.selenide.impl.WebElementSelector.findElement(WebElementSelector.java:70)
at com.codeborne.selenide.impl.WebElementSelector.findElement(WebElementSelector.java:44)
at com.codeborne.selenide.impl.WebElementSelector.findElement(WebElementSelector.java:33)
at com.codeborne.selenide.impl.ElementFinder.getWebElement(ElementFinder.java:102)
at com.codeborne.selenide.commands.GetText.execute(GetText.java:29)
at com.codeborne.selenide.commands.GetText.execute(GetText.java:13)
at com.codeborne.selenide.commands.Commands.execute(Commands.java:154)
at com.codeborne.selenide.impl.SelenideElementProxy.dispatchAndRetry(SelenideElementProxy.java:131)
... 36 more
... Removed 35 stack frames]]>
    </failure>
  </testcase> <!-- testHowWorksGoogleSearch -->
  <testcase classname="openWebsiteTestNG.test.GoogleSearchPageTest" name="testMail" time="0.101"/>
  <testcase classname="openWebsiteTestNG.test.GoogleSearchPageTest" name="testPictures" time="0.083"/>
  <testcase classname="openWebsiteTestNG.test.GoogleSearchPageTest" name="testSettings" time="0.1"/>
  <testcase classname="openWebsiteTestNG.test.GoogleSearchPageTest" name="testTerms" time="0.073"/>
</testsuite> <!-- GoogleCloudTest -->
